\BOOKMARK [0][-]{cover.0}{\376\377\134\001\227\142}{}% 1
\BOOKMARK [0][-]{toc.0}{\376\377\166\356\137\125}{}% 2
\BOOKMARK [0][-]{chapter.1}{\376\377\0001\000\040\176\352\213\272}{}% 3
\BOOKMARK [1][-]{section.1.1}{\376\377\0001\000.\0001\000\040\170\024\172\166\200\314\146\157\123\312\141\017\116\111}{chapter.1}% 4
\BOOKMARK [1][-]{section.1.2}{\376\377\0001\000.\0002\000\040\126\375\121\205\131\026\170\024\172\166\163\260\162\266}{chapter.1}% 5
\BOOKMARK [1][-]{section.1.3}{\376\377\0001\000.\0003\000\040\170\024\172\166\121\205\133\271\116\345\123\312\172\340\202\202\116\313\176\315}{chapter.1}% 6
\BOOKMARK [1][-]{section.1.4}{\376\377\0001\000.\0004\000\040\147\054\172\340\134\017\176\323}{chapter.1}% 7
\BOOKMARK [0][-]{chapter.2}{\376\377\0002\000\040\166\370\121\163\164\006\213\272\123\312\121\163\225\056\142\200\147\057}{}% 8
\BOOKMARK [1][-]{section.2.1}{\376\377\0002\000.\0001\000\040\137\025\212\000}{chapter.2}% 9
\BOOKMARK [1][-]{section.2.2}{\376\377\0002\000.\0002\000\040\162\054\206\153}{chapter.2}% 10
\BOOKMARK [2][-]{subsection.2.2.1}{\376\377\0002\000.\0002\000.\0001\000\040\000W\000e\000b\201\352\122\250\123\026\135\345\121\167}{section.2.2}% 11
\BOOKMARK [2][-]{subsection.2.2.2}{\376\377\0002\000.\0002\000.\0002\000\040\000H\000T\000M\000L\215\357\137\204\213\355\212\000}{section.2.2}% 12
\BOOKMARK [2][-]{subsection.2.2.3}{\376\377\0002\000.\0002\000.\0003\000\040\124\310\136\014\173\227\154\325}{section.2.2}% 13
\BOOKMARK [1][-]{section.2.3}{\376\377\0002\000.\0003\000\040\167\345\213\306\126\376\214\061}{chapter.2}% 14
\BOOKMARK [2][-]{subsection.2.3.1}{\376\377\0002\000.\0003\000.\0001\000\040\167\345\213\306\126\376\214\061\147\204\136\372\155\101\172\013}{section.2.3}% 15
\BOOKMARK [2][-]{subsection.2.3.2}{\376\377\0002\000.\0003\000.\0002\000\040\167\345\213\306\142\275\123\326}{section.2.3}% 16
\BOOKMARK [2][-]{subsection.2.3.3}{\376\377\0002\000.\0003\000.\0003\000\040\167\345\213\306\207\215\124\010}{section.2.3}% 17
\BOOKMARK [2][-]{subsection.2.3.4}{\376\377\0002\000.\0003\000.\0004\000\040\147\054\117\123\152\041\137\017\134\102\147\204\136\372}{section.2.3}% 18
\BOOKMARK [2][-]{subsection.2.3.5}{\376\377\0002\000.\0003\000.\0005\000\040\215\050\221\317\213\304\117\060}{section.2.3}% 19
\BOOKMARK [2][-]{subsection.2.3.6}{\376\377\0002\000.\0003\000.\0006\000\040\167\345\213\306\143\250\164\006}{section.2.3}% 20
\BOOKMARK [1][-]{section.2.4}{\376\377\0002\000.\0004\000\040\000N\000e\000o\0004\000j\126\376\145\160\143\156\136\223}{chapter.2}% 21
\BOOKMARK [1][-]{section.2.5}{\376\377\0002\000.\0005\000\040\147\054\172\340\134\017\176\323}{chapter.2}% 22
\BOOKMARK [0][-]{chapter.3}{\376\377\0003\000\040\147\015\210\305\124\015\171\360\167\345\213\306\126\376\214\061\147\204\136\372}{}% 23
\BOOKMARK [1][-]{section.3.1}{\376\377\0003\000.\0001\000\040\137\025\212\000}{chapter.3}% 24
\BOOKMARK [1][-]{section.3.2}{\376\377\0003\000.\0002\000\040\147\015\210\305\124\015\171\360\167\345\213\306\126\376\214\061\147\204\136\372\150\106\147\266\213\276\213\241}{chapter.3}% 25
\BOOKMARK [1][-]{section.3.3}{\376\377\0003\000.\0003\000\040\147\015\210\305\167\345\213\306\126\376\214\061\152\041\137\017\134\102\213\276\213\241}{chapter.3}% 26
\BOOKMARK [2][-]{subsection.3.3.1}{\376\377\0003\000.\0003\000.\0001\000\040\152\041\137\017\134\102\136\372\152\041\145\271\154\325\116\313\176\315}{section.3.3}% 27
\BOOKMARK [2][-]{subsection.3.3.2}{\376\377\0003\000.\0003\000.\0002\000\040\147\015\210\305\125\106\124\301\147\054\117\123\203\003\126\364\170\156\133\232}{section.3.3}% 28
\BOOKMARK [2][-]{subsection.3.3.3}{\376\377\0003\000.\0003\000.\0003\000\040\147\015\210\305\125\106\124\301\150\070\137\303\174\173\123\312\134\136\140\047\133\232\116\111}{section.3.3}% 29
\BOOKMARK [1][-]{section.3.4}{\376\377\0003\000.\0004\000\040\147\015\210\305\117\341\140\157\142\275\123\326}{chapter.3}% 30
\BOOKMARK [2][-]{subsection.3.4.1}{\376\377\0003\000.\0004\000.\0001\000\040\145\160\143\156\203\267\123\326}{section.3.4}% 31
\BOOKMARK [2][-]{subsection.3.4.2}{\376\377\0003\000.\0004\000.\0002\000\040\145\160\143\156\156\005\155\027}{section.3.4}% 32
\BOOKMARK [1][-]{section.3.5}{\376\377\0003\000.\0005\000\040\147\015\210\305\167\345\213\306\126\376\214\061\166\204\147\204\136\372\116\016\133\130\120\250}{chapter.3}% 33
\BOOKMARK [2][-]{subsection.3.5.1}{\376\377\0003\000.\0005\000.\0001\000\040\146\040\134\004\123\071\221\115\122\006\147\220\116\016\147\054\117\123\167\345\213\306\133\130\120\250}{section.3.5}% 34
\BOOKMARK [2][-]{subsection.3.5.2}{\376\377\0003\000.\0005\000.\0002\000\040\176\323\147\234\134\125\171\072\124\214\147\345\213\342}{section.3.5}% 35
\BOOKMARK [3][-]{subsubsection.3.5.2.1}{\376\377\0003\000.\0005\000.\0002\000.\0001\000\040\147\015\210\305\124\015\171\360\167\345\213\306\126\376\214\061\125\106\124\301\134\136\140\047\121\163\174\373\134\125\171\072}{subsection.3.5.2}% 36
\BOOKMARK [1][-]{section.3.6}{\376\377\0003\000.\0006\000\040\147\054\172\340\134\017\176\323}{chapter.3}% 37
\BOOKMARK [0][-]{chapter.4}{\376\377\0004\000\040\140\073\176\323\116\016\134\125\147\033}{}% 38
\BOOKMARK [1][-]{section.4.1}{\376\377\0004\000.\0001\000\040\140\073\176\323}{chapter.4}% 39
\BOOKMARK [1][-]{section.4.2}{\376\377\0004\000.\0002\000\040\134\125\147\033}{chapter.4}% 40
\BOOKMARK [0][-]{chapter*.27}{\376\377\201\364\214\042}{}% 41
\BOOKMARK [0][-]{chapter*.28}{\376\377\123\302\200\003\145\207\163\056}{}% 42
\BOOKMARK [0][-]{chapter*.29}{\376\377\226\104\137\125}{}% 43
